[2018-12-10T16:22:07.084] [INFO] startup - Express server listening on port  3001!
[2018-12-10T16:22:31.094] [INFO] startup - Express server listening on port  3001!
[2018-12-10T16:30:37.632] [INFO] State - {}
[2018-12-10T16:30:37.632] [INFO] State - Finished proccessing
[2018-12-10T16:30:37.633] [INFO] State - Finishing with success
[2018-12-10T16:30:47.124] [INFO] State - { approveDraftConsent: 'no', visitedPages: { create: true } }
[2018-12-10T16:30:47.124] [INFO] State - Finished proccessing
[2018-12-10T16:30:47.124] [INFO] State - Finishing with success
[2018-12-10T16:30:47.468] [INFO] State - { approveDraftConsent: 'no', visitedPages: { create: true } }
[2018-12-10T16:30:47.468] [INFO] State - Finished proccessing
[2018-12-10T16:30:47.468] [INFO] State - Finishing with success
[2018-12-10T16:31:50.400] [INFO] State - { approveDraftConsent: 'no', visitedPages: { create: true } }
[2018-12-10T16:31:50.400] [INFO] State - Finished proccessing
[2018-12-10T16:31:50.400] [INFO] State - Finishing with success
[2018-12-10T16:34:21.276] [INFO] State - { approveDraftConsent: 'no', visitedPages: { create: true } }
[2018-12-10T16:34:21.277] [INFO] State - Finished proccessing
[2018-12-10T16:34:21.277] [INFO] State - Finishing with success
[2018-12-10T16:34:37.329] [INFO] State - { approveDraftConsent: 'yes',
  partiesNeedAttend: false,
  NotEnoughInformation: false,
  capitalPositions: false,
  partiesHousingNeeds: false,
  justificationDeparture: false,
  partiesPensionProvision: false,
  childrensHousingNeeds: false,
  netEffectOrder: false,
  Other: false,
  informationNeeded: '',
  orderNotAppearOfS25ca1973: false,
  d81: false,
  pensionAnnex: false,
  applicantTakenAdvice: false,
  respondentTakenAdvice: false,
  Other2: false,
  Reason: '',
  Directions: 'Direction text',
  includeAnnotatedVersionDraftConsOrder: null,
  visitedPages: { create: true } }
[2018-12-10T16:34:37.330] [INFO] State - Finished proccessing
[2018-12-10T16:34:37.330] [INFO] State - Finishing with success
[2018-12-10T16:34:37.581] [INFO] State - { approveDraftConsent: 'yes',
  partiesNeedAttend: false,
  NotEnoughInformation: false,
  capitalPositions: false,
  partiesHousingNeeds: false,
  justificationDeparture: false,
  partiesPensionProvision: false,
  childrensHousingNeeds: false,
  netEffectOrder: false,
  Other: false,
  informationNeeded: '',
  orderNotAppearOfS25ca1973: false,
  d81: false,
  pensionAnnex: false,
  applicantTakenAdvice: false,
  respondentTakenAdvice: false,
  Other2: false,
  Reason: '',
  Directions: 'Direction text',
  includeAnnotatedVersionDraftConsOrder: null,
  visitedPages: { create: true } }
[2018-12-10T16:34:37.581] [INFO] State - Finished proccessing
[2018-12-10T16:34:37.581] [INFO] State - Finishing with success
[2018-12-10T16:34:39.947] [INFO] State - { approveDraftConsent: 'yes',
  partiesNeedAttend: false,
  NotEnoughInformation: false,
  capitalPositions: false,
  partiesHousingNeeds: false,
  justificationDeparture: false,
  partiesPensionProvision: false,
  childrensHousingNeeds: false,
  netEffectOrder: false,
  Other: false,
  informationNeeded: '',
  orderNotAppearOfS25ca1973: false,
  d81: false,
  pensionAnnex: false,
  applicantTakenAdvice: false,
  respondentTakenAdvice: false,
  Other2: false,
  Reason: '',
  Directions: 'Direction text',
  includeAnnotatedVersionDraftConsOrder: null,
  notesForAdmin: 'No optional notes',
  visitedPages: { create: true, 'notes-for-court-administrator': true } }
[2018-12-10T16:34:39.947] [INFO] State - Finished proccessing
[2018-12-10T16:34:39.947] [INFO] State - Finishing with success
[2018-12-10T16:34:40.308] [INFO] State - { approveDraftConsent: 'yes',
  partiesNeedAttend: false,
  NotEnoughInformation: false,
  capitalPositions: false,
  partiesHousingNeeds: false,
  justificationDeparture: false,
  partiesPensionProvision: false,
  childrensHousingNeeds: false,
  netEffectOrder: false,
  Other: false,
  informationNeeded: '',
  orderNotAppearOfS25ca1973: false,
  d81: false,
  pensionAnnex: false,
  applicantTakenAdvice: false,
  respondentTakenAdvice: false,
  Other2: false,
  Reason: '',
  Directions: 'Direction text',
  includeAnnotatedVersionDraftConsOrder: null,
  notesForAdmin: 'No optional notes',
  visitedPages: { create: true, 'notes-for-court-administrator': true } }
[2018-12-10T16:34:40.308] [INFO] State - Finished proccessing
[2018-12-10T16:34:40.308] [INFO] State - Finishing with success
[2018-12-10T16:34:45.040] [INFO] State - { approveDraftConsent: 'yes',
  partiesNeedAttend: false,
  NotEnoughInformation: false,
  capitalPositions: false,
  partiesHousingNeeds: false,
  justificationDeparture: false,
  partiesPensionProvision: false,
  childrensHousingNeeds: false,
  netEffectOrder: false,
  Other: false,
  informationNeeded: '',
  orderNotAppearOfS25ca1973: false,
  d81: false,
  pensionAnnex: false,
  applicantTakenAdvice: false,
  respondentTakenAdvice: false,
  Other2: false,
  Reason: '',
  Directions: 'Direction text',
  includeAnnotatedVersionDraftConsOrder: null,
  notesForAdmin: 'No optional notes',
  visitedPages: { create: true, 'notes-for-court-administrator': true } }
[2018-12-10T16:34:45.040] [INFO] State - Finished proccessing
[2018-12-10T16:34:45.040] [INFO] State - Finishing with success
[2018-12-10T16:34:47.727] [INFO] State - { approveDraftConsent: 'yes',
  partiesNeedAttend: false,
  NotEnoughInformation: false,
  capitalPositions: false,
  partiesHousingNeeds: false,
  justificationDeparture: false,
  partiesPensionProvision: false,
  childrensHousingNeeds: false,
  netEffectOrder: false,
  Other: false,
  informationNeeded: '',
  orderNotAppearOfS25ca1973: false,
  d81: false,
  pensionAnnex: false,
  applicantTakenAdvice: false,
  respondentTakenAdvice: false,
  Other2: false,
  Reason: '',
  Directions: 'Direction text',
  includeAnnotatedVersionDraftConsOrder: null,
  notesForAdmin: 'No optional notes',
  visitedPages: { create: true, 'notes-for-court-administrator': true } }
[2018-12-10T16:34:47.727] [INFO] State - Finished proccessing
[2018-12-10T16:34:47.727] [INFO] State - Finishing with success
[2018-12-10T16:34:50.068] [INFO] State - { approveDraftConsent: 'no',
  partiesNeedAttend: null,
  NotEnoughInformation: null,
  capitalPositions: null,
  partiesHousingNeeds: null,
  justificationDeparture: null,
  partiesPensionProvision: null,
  childrensHousingNeeds: null,
  netEffectOrder: null,
  Other: null,
  informationNeeded: null,
  orderNotAppearOfS25ca1973: null,
  d81: null,
  pensionAnnex: null,
  applicantTakenAdvice: null,
  respondentTakenAdvice: false,
  Other2: false,
  Reason: null,
  Directions: 'Direction text',
  includeAnnotatedVersionDraftConsOrder: null,
  notesForAdmin: 'No optional notes',
  estimateLengthOfHearing: null,
  whenHearingPlaced: null,
  whichCourt: null,
  otherHearingDetails: null,
  visitedPages: { create: true } }
[2018-12-10T16:34:50.068] [INFO] State - Finished proccessing
[2018-12-10T16:34:50.068] [INFO] State - Finishing with success
[2018-12-10T16:34:50.321] [INFO] State - { approveDraftConsent: 'no',
  partiesNeedAttend: null,
  NotEnoughInformation: null,
  capitalPositions: null,
  partiesHousingNeeds: null,
  justificationDeparture: null,
  partiesPensionProvision: null,
  childrensHousingNeeds: null,
  netEffectOrder: null,
  Other: null,
  informationNeeded: null,
  orderNotAppearOfS25ca1973: null,
  d81: null,
  pensionAnnex: null,
  applicantTakenAdvice: null,
  respondentTakenAdvice: false,
  Other2: false,
  Reason: null,
  Directions: 'Direction text',
  includeAnnotatedVersionDraftConsOrder: null,
  notesForAdmin: 'No optional notes',
  estimateLengthOfHearing: null,
  whenHearingPlaced: null,
  whichCourt: null,
  otherHearingDetails: null,
  visitedPages: { create: true } }
[2018-12-10T16:34:50.322] [INFO] State - Finished proccessing
[2018-12-10T16:34:50.322] [INFO] State - Finishing with success
[2018-12-10T16:34:59.014] [INFO] State - { approveDraftConsent: 'no',
  partiesNeedAttend: false,
  NotEnoughInformation: false,
  capitalPositions: false,
  partiesHousingNeeds: false,
  justificationDeparture: false,
  partiesPensionProvision: false,
  childrensHousingNeeds: false,
  netEffectOrder: false,
  Other: false,
  informationNeeded: '',
  orderNotAppearOfS25ca1973: false,
  d81: false,
  pensionAnnex: false,
  applicantTakenAdvice: false,
  respondentTakenAdvice: false,
  Other2: false,
  Reason: '',
  Directions: 'Direction text',
  includeAnnotatedVersionDraftConsOrder: 'no',
  notesForAdmin: 'No optional notes',
  estimateLengthOfHearing: null,
  whenHearingPlaced: null,
  whichCourt: null,
  otherHearingDetails: null,
  visitedPages: { create: true, 'reject-reasons': true } }
[2018-12-10T16:34:59.014] [INFO] State - Finished proccessing
[2018-12-10T16:34:59.015] [INFO] State - Finishing with success
[2018-12-10T16:34:59.349] [INFO] State - { approveDraftConsent: 'no',
  partiesNeedAttend: false,
  NotEnoughInformation: false,
  capitalPositions: false,
  partiesHousingNeeds: false,
  justificationDeparture: false,
  partiesPensionProvision: false,
  childrensHousingNeeds: false,
  netEffectOrder: false,
  Other: false,
  informationNeeded: '',
  orderNotAppearOfS25ca1973: false,
  d81: false,
  pensionAnnex: false,
  applicantTakenAdvice: false,
  respondentTakenAdvice: false,
  Other2: false,
  Reason: '',
  Directions: 'Direction text',
  includeAnnotatedVersionDraftConsOrder: 'no',
  notesForAdmin: 'No optional notes',
  estimateLengthOfHearing: null,
  whenHearingPlaced: null,
  whichCourt: null,
  otherHearingDetails: null,
  visitedPages: { create: true, 'reject-reasons': true } }
[2018-12-10T16:34:59.349] [INFO] State - Finished proccessing
[2018-12-10T16:34:59.349] [INFO] State - Finishing with success
[2018-12-10T16:35:01.226] [INFO] State - { approveDraftConsent: 'no',
  partiesNeedAttend: false,
  NotEnoughInformation: false,
  capitalPositions: false,
  partiesHousingNeeds: false,
  justificationDeparture: false,
  partiesPensionProvision: false,
  childrensHousingNeeds: false,
  netEffectOrder: false,
  Other: false,
  informationNeeded: '',
  orderNotAppearOfS25ca1973: false,
  d81: false,
  pensionAnnex: false,
  applicantTakenAdvice: false,
  respondentTakenAdvice: false,
  Other2: false,
  Reason: '',
  Directions: 'Direction text',
  includeAnnotatedVersionDraftConsOrder: 'no',
  notesForAdmin: 'No optional notes',
  estimateLengthOfHearing: null,
  whenHearingPlaced: null,
  whichCourt: null,
  otherHearingDetails: null,
  visitedPages:
   { create: true,
     'reject-reasons': true,
     'notes-for-court-administrator': true } }
[2018-12-10T16:35:01.226] [INFO] State - Finished proccessing
[2018-12-10T16:35:01.226] [INFO] State - Finishing with success
[2018-12-10T16:35:01.590] [INFO] State - { approveDraftConsent: 'no',
  partiesNeedAttend: false,
  NotEnoughInformation: false,
  capitalPositions: false,
  partiesHousingNeeds: false,
  justificationDeparture: false,
  partiesPensionProvision: false,
  childrensHousingNeeds: false,
  netEffectOrder: false,
  Other: false,
  informationNeeded: '',
  orderNotAppearOfS25ca1973: false,
  d81: false,
  pensionAnnex: false,
  applicantTakenAdvice: false,
  respondentTakenAdvice: false,
  Other2: false,
  Reason: '',
  Directions: 'Direction text',
  includeAnnotatedVersionDraftConsOrder: 'no',
  notesForAdmin: 'No optional notes',
  estimateLengthOfHearing: null,
  whenHearingPlaced: null,
  whichCourt: null,
  otherHearingDetails: null,
  visitedPages:
   { create: true,
     'reject-reasons': true,
     'notes-for-court-administrator': true } }
[2018-12-10T16:35:01.590] [INFO] State - Finished proccessing
[2018-12-10T16:35:01.590] [INFO] State - Finishing with success
[2018-12-10T16:35:04.253] [INFO] State - { approveDraftConsent: 'no',
  partiesNeedAttend: false,
  NotEnoughInformation: false,
  capitalPositions: false,
  partiesHousingNeeds: false,
  justificationDeparture: false,
  partiesPensionProvision: false,
  childrensHousingNeeds: false,
  netEffectOrder: false,
  Other: false,
  informationNeeded: '',
  orderNotAppearOfS25ca1973: false,
  d81: false,
  pensionAnnex: false,
  applicantTakenAdvice: false,
  respondentTakenAdvice: false,
  Other2: false,
  Reason: '',
  Directions: 'Direction text',
  includeAnnotatedVersionDraftConsOrder: 'no',
  notesForAdmin: 'No optional notes',
  estimateLengthOfHearing: null,
  whenHearingPlaced: null,
  whichCourt: null,
  otherHearingDetails: null,
  visitedPages:
   { create: true,
     'reject-reasons': true,
     'notes-for-court-administrator': true } }
[2018-12-10T16:35:04.253] [INFO] State - Finished proccessing
[2018-12-10T16:35:04.253] [INFO] State - Finishing with success
[2018-12-10T16:35:05.106] [INFO] State - { approveDraftConsent: 'no',
  partiesNeedAttend: false,
  NotEnoughInformation: false,
  capitalPositions: false,
  partiesHousingNeeds: false,
  justificationDeparture: false,
  partiesPensionProvision: false,
  childrensHousingNeeds: false,
  netEffectOrder: false,
  Other: false,
  informationNeeded: '',
  orderNotAppearOfS25ca1973: false,
  d81: false,
  pensionAnnex: false,
  applicantTakenAdvice: false,
  respondentTakenAdvice: false,
  Other2: false,
  Reason: '',
  Directions: 'Direction text',
  includeAnnotatedVersionDraftConsOrder: 'no',
  notesForAdmin: 'No optional notes',
  estimateLengthOfHearing: null,
  whenHearingPlaced: null,
  whichCourt: null,
  otherHearingDetails: null,
  visitedPages:
   { create: true,
     'reject-reasons': true,
     'notes-for-court-administrator': true } }
[2018-12-10T16:35:05.106] [INFO] State - Finished proccessing
[2018-12-10T16:35:05.106] [INFO] State - Finishing with success
[2018-12-10T16:35:13.136] [INFO] State - { approveDraftConsent: 'no',
  partiesNeedAttend: false,
  NotEnoughInformation: false,
  capitalPositions: false,
  partiesHousingNeeds: false,
  justificationDeparture: false,
  partiesPensionProvision: false,
  childrensHousingNeeds: false,
  netEffectOrder: false,
  Other: false,
  informationNeeded: '',
  orderNotAppearOfS25ca1973: false,
  d81: false,
  pensionAnnex: false,
  applicantTakenAdvice: false,
  respondentTakenAdvice: false,
  Other2: false,
  Reason: '',
  Directions: 'Direction text',
  includeAnnotatedVersionDraftConsOrder: 'yes',
  notesForAdmin: 'No optional notes',
  estimateLengthOfHearing: null,
  whenHearingPlaced: null,
  whichCourt: null,
  otherHearingDetails: null,
  visitedPages:
   { create: true,
     'reject-reasons': true,
     'notes-for-court-administrator': true } }
[2018-12-10T16:35:13.137] [INFO] State - Finished proccessing
[2018-12-10T16:35:13.137] [INFO] State - Finishing with success
[2018-12-10T16:35:13.389] [INFO] State - { approveDraftConsent: 'no',
  partiesNeedAttend: false,
  NotEnoughInformation: false,
  capitalPositions: false,
  partiesHousingNeeds: false,
  justificationDeparture: false,
  partiesPensionProvision: false,
  childrensHousingNeeds: false,
  netEffectOrder: false,
  Other: false,
  informationNeeded: '',
  orderNotAppearOfS25ca1973: false,
  d81: false,
  pensionAnnex: false,
  applicantTakenAdvice: false,
  respondentTakenAdvice: false,
  Other2: false,
  Reason: '',
  Directions: 'Direction text',
  includeAnnotatedVersionDraftConsOrder: 'yes',
  notesForAdmin: 'No optional notes',
  estimateLengthOfHearing: null,
  whenHearingPlaced: null,
  whichCourt: null,
  otherHearingDetails: null,
  visitedPages:
   { create: true,
     'reject-reasons': true,
     'notes-for-court-administrator': true } }
[2018-12-10T16:35:13.389] [INFO] State - Finished proccessing
[2018-12-10T16:35:13.389] [INFO] State - Finishing with success
[2018-12-10T16:40:57.355] [INFO] State - { approveDraftConsent: 'no',
  partiesNeedAttend: false,
  NotEnoughInformation: false,
  capitalPositions: false,
  partiesHousingNeeds: false,
  justificationDeparture: false,
  partiesPensionProvision: false,
  childrensHousingNeeds: false,
  netEffectOrder: false,
  Other: false,
  informationNeeded: '',
  orderNotAppearOfS25ca1973: false,
  d81: false,
  pensionAnnex: false,
  applicantTakenAdvice: false,
  respondentTakenAdvice: false,
  Other2: false,
  Reason: '',
  Directions: 'Direction text',
  includeAnnotatedVersionDraftConsOrder: 'yes',
  notesForAdmin: 'No optional notes',
  estimateLengthOfHearing: null,
  whenHearingPlaced: null,
  whichCourt: null,
  otherHearingDetails: null,
  visitedPages:
   { create: true,
     'reject-reasons': true,
     'notes-for-court-administrator': true } }
[2018-12-10T16:40:57.355] [INFO] State - Finished proccessing
[2018-12-10T16:40:57.355] [INFO] State - Finishing with success
[2018-12-10T16:41:14.715] [INFO] State - { approveDraftConsent: 'no',
  partiesNeedAttend: false,
  NotEnoughInformation: false,
  capitalPositions: false,
  partiesHousingNeeds: false,
  justificationDeparture: false,
  partiesPensionProvision: false,
  childrensHousingNeeds: false,
  netEffectOrder: false,
  Other: false,
  informationNeeded: '',
  orderNotAppearOfS25ca1973: false,
  d81: false,
  pensionAnnex: false,
  applicantTakenAdvice: false,
  respondentTakenAdvice: false,
  Other2: false,
  Reason: '',
  Directions: 'Direction text',
  includeAnnotatedVersionDraftConsOrder: 'yes',
  notesForAdmin: 'No optional notes',
  estimateLengthOfHearing: null,
  whenHearingPlaced: null,
  whichCourt: null,
  otherHearingDetails: null,
  visitedPages:
   { create: true,
     'reject-reasons': true,
     'notes-for-court-administrator': true } }
[2018-12-10T16:41:14.715] [INFO] State - Finished proccessing
[2018-12-10T16:41:14.715] [INFO] State - Finishing with success
[2018-12-10T16:41:14.981] [INFO] State - { approveDraftConsent: 'no',
  partiesNeedAttend: false,
  NotEnoughInformation: false,
  capitalPositions: false,
  partiesHousingNeeds: false,
  justificationDeparture: false,
  partiesPensionProvision: false,
  childrensHousingNeeds: false,
  netEffectOrder: false,
  Other: false,
  informationNeeded: '',
  orderNotAppearOfS25ca1973: false,
  d81: false,
  pensionAnnex: false,
  applicantTakenAdvice: false,
  respondentTakenAdvice: false,
  Other2: false,
  Reason: '',
  Directions: 'Direction text',
  includeAnnotatedVersionDraftConsOrder: 'yes',
  notesForAdmin: 'No optional notes',
  estimateLengthOfHearing: null,
  whenHearingPlaced: null,
  whichCourt: null,
  otherHearingDetails: null,
  visitedPages:
   { create: true,
     'reject-reasons': true,
     'notes-for-court-administrator': true } }
[2018-12-10T16:41:14.982] [INFO] State - Finished proccessing
[2018-12-10T16:41:14.983] [INFO] State - Finishing with success
[2018-12-10T16:45:37.236] [INFO] State - { approveDraftConsent: 'no',
  partiesNeedAttend: false,
  NotEnoughInformation: false,
  capitalPositions: false,
  partiesHousingNeeds: false,
  justificationDeparture: false,
  partiesPensionProvision: false,
  childrensHousingNeeds: false,
  netEffectOrder: false,
  Other: false,
  informationNeeded: '',
  orderNotAppearOfS25ca1973: false,
  d81: false,
  pensionAnnex: false,
  applicantTakenAdvice: false,
  respondentTakenAdvice: false,
  Other2: false,
  Reason: '',
  Directions: 'Direction text',
  includeAnnotatedVersionDraftConsOrder: 'yes',
  notesForAdmin: 'No optional notes',
  estimateLengthOfHearing: null,
  whenHearingPlaced: null,
  whichCourt: null,
  otherHearingDetails: null,
  visitedPages:
   { create: true,
     'reject-reasons': true,
     'notes-for-court-administrator': true } }
[2018-12-10T16:45:37.236] [INFO] State - Finished proccessing
[2018-12-10T16:45:37.236] [INFO] State - Finishing with success
[2018-12-10T16:45:43.237] [INFO] State - { approveDraftConsent: 'no',
  partiesNeedAttend: false,
  NotEnoughInformation: false,
  capitalPositions: false,
  partiesHousingNeeds: false,
  justificationDeparture: false,
  partiesPensionProvision: false,
  childrensHousingNeeds: false,
  netEffectOrder: false,
  Other: false,
  informationNeeded: '',
  orderNotAppearOfS25ca1973: false,
  d81: false,
  pensionAnnex: false,
  applicantTakenAdvice: false,
  respondentTakenAdvice: false,
  Other2: false,
  Reason: '',
  Directions: 'Direction text',
  includeAnnotatedVersionDraftConsOrder: 'yes',
  notesForAdmin: 'No optional notes',
  estimateLengthOfHearing: null,
  whenHearingPlaced: null,
  whichCourt: null,
  otherHearingDetails: null,
  visitedPages:
   { create: true,
     'reject-reasons': true,
     'notes-for-court-administrator': true } }
[2018-12-10T16:45:43.237] [INFO] State - Finished proccessing
[2018-12-10T16:45:43.237] [INFO] State - Finishing with success
[2018-12-10T16:46:18.426] [INFO] State - { approveDraftConsent: 'no',
  partiesNeedAttend: false,
  NotEnoughInformation: false,
  capitalPositions: false,
  partiesHousingNeeds: false,
  justificationDeparture: false,
  partiesPensionProvision: false,
  childrensHousingNeeds: false,
  netEffectOrder: false,
  Other: false,
  informationNeeded: '',
  orderNotAppearOfS25ca1973: false,
  d81: false,
  pensionAnnex: false,
  applicantTakenAdvice: false,
  respondentTakenAdvice: false,
  Other2: false,
  Reason: '',
  Directions: 'Direction text',
  includeAnnotatedVersionDraftConsOrder: 'yes',
  notesForAdmin: 'No optional notes',
  estimateLengthOfHearing: null,
  whenHearingPlaced: null,
  whichCourt: null,
  otherHearingDetails: null,
  visitedPages:
   { create: true,
     'reject-reasons': true,
     'notes-for-court-administrator': true } }
[2018-12-10T16:46:18.426] [INFO] State - Finished proccessing
[2018-12-10T16:46:18.426] [INFO] State - Finishing with success
[2018-12-10T16:46:33.639] [INFO] State - { approveDraftConsent: 'yes', visitedPages: { create: true } }
[2018-12-10T16:46:33.639] [INFO] State - Finished proccessing
[2018-12-10T16:46:33.639] [INFO] State - Finishing with success
[2018-12-10T16:46:33.912] [INFO] State - { approveDraftConsent: 'yes', visitedPages: { create: true } }
[2018-12-10T16:46:33.912] [INFO] State - Finished proccessing
[2018-12-10T16:46:33.912] [INFO] State - Finishing with success
[2018-12-10T16:46:37.180] [INFO] State - { approveDraftConsent: 'yes', visitedPages: { create: true } }
[2018-12-10T16:46:37.180] [INFO] State - Finished proccessing
[2018-12-10T16:46:37.180] [INFO] State - Finishing with success
[2018-12-10T16:46:39.041] [INFO] State - { approveDraftConsent: 'no',
  notesForAdmin: 'No optional notes',
  visitedPages: { create: true } }
[2018-12-10T16:46:39.041] [INFO] State - Finished proccessing
[2018-12-10T16:46:39.041] [INFO] State - Finishing with success
[2018-12-10T16:46:39.281] [INFO] State - { approveDraftConsent: 'no',
  notesForAdmin: 'No optional notes',
  visitedPages: { create: true } }
[2018-12-10T16:46:39.281] [INFO] State - Finished proccessing
[2018-12-10T16:46:39.281] [INFO] State - Finishing with success
[2018-12-10T16:46:47.374] [INFO] State - { approveDraftConsent: 'no',
  notesForAdmin: 'No optional notes',
  visitedPages: { create: true } }
[2018-12-10T16:46:47.374] [INFO] State - Finished proccessing
[2018-12-10T16:46:47.374] [INFO] State - Finishing with success
[2018-12-10T16:46:56.858] [INFO] State - { approveDraftConsent: 'no',
  notesForAdmin: 'No optional notes',
  partiesNeedAttend: false,
  NotEnoughInformation: false,
  capitalPositions: false,
  partiesHousingNeeds: false,
  justificationDeparture: false,
  partiesPensionProvision: false,
  childrensHousingNeeds: false,
  netEffectOrder: false,
  Other: false,
  informationNeeded: '',
  orderNotAppearOfS25ca1973: false,
  d81: false,
  pensionAnnex: false,
  applicantTakenAdvice: false,
  respondentTakenAdvice: false,
  Other2: false,
  Reason: '',
  Directions: 'Direction text',
  includeAnnotatedVersionDraftConsOrder: null,
  visitedPages: { create: true } }
[2018-12-10T16:46:56.859] [INFO] State - Finished proccessing
[2018-12-10T16:46:56.859] [INFO] State - Finishing with success
[2018-12-10T16:46:57.104] [INFO] State - { approveDraftConsent: 'no',
  notesForAdmin: 'No optional notes',
  partiesNeedAttend: false,
  NotEnoughInformation: false,
  capitalPositions: false,
  partiesHousingNeeds: false,
  justificationDeparture: false,
  partiesPensionProvision: false,
  childrensHousingNeeds: false,
  netEffectOrder: false,
  Other: false,
  informationNeeded: '',
  orderNotAppearOfS25ca1973: false,
  d81: false,
  pensionAnnex: false,
  applicantTakenAdvice: false,
  respondentTakenAdvice: false,
  Other2: false,
  Reason: '',
  Directions: 'Direction text',
  includeAnnotatedVersionDraftConsOrder: null,
  visitedPages: { create: true } }
[2018-12-10T16:46:57.105] [INFO] State - Finished proccessing
[2018-12-10T16:46:57.105] [INFO] State - Finishing with success
[2018-12-10T16:47:37.734] [INFO] State - { approveDraftConsent: 'no',
  notesForAdmin: 'No optional notes',
  partiesNeedAttend: false,
  NotEnoughInformation: false,
  capitalPositions: false,
  partiesHousingNeeds: false,
  justificationDeparture: false,
  partiesPensionProvision: false,
  childrensHousingNeeds: false,
  netEffectOrder: false,
  Other: false,
  informationNeeded: '',
  orderNotAppearOfS25ca1973: false,
  d81: false,
  pensionAnnex: false,
  applicantTakenAdvice: false,
  respondentTakenAdvice: false,
  Other2: false,
  Reason: '',
  Directions: 'Direction text',
  includeAnnotatedVersionDraftConsOrder: 'yes',
  visitedPages: { create: true, 'reject-reasons': true } }
[2018-12-10T16:47:37.734] [INFO] State - Finished proccessing
[2018-12-10T16:47:37.734] [INFO] State - Finishing with success
[2018-12-10T16:47:37.990] [INFO] State - { approveDraftConsent: 'no',
  notesForAdmin: 'No optional notes',
  partiesNeedAttend: false,
  NotEnoughInformation: false,
  capitalPositions: false,
  partiesHousingNeeds: false,
  justificationDeparture: false,
  partiesPensionProvision: false,
  childrensHousingNeeds: false,
  netEffectOrder: false,
  Other: false,
  informationNeeded: '',
  orderNotAppearOfS25ca1973: false,
  d81: false,
  pensionAnnex: false,
  applicantTakenAdvice: false,
  respondentTakenAdvice: false,
  Other2: false,
  Reason: '',
  Directions: 'Direction text',
  includeAnnotatedVersionDraftConsOrder: 'yes',
  visitedPages: { create: true, 'reject-reasons': true } }
[2018-12-10T16:47:37.990] [INFO] State - Finished proccessing
[2018-12-10T16:47:37.990] [INFO] State - Finishing with success
[2018-12-10T16:47:59.341] [INFO] State - { approveDraftConsent: 'no',
  notesForAdmin: 'No optional notes',
  partiesNeedAttend: false,
  NotEnoughInformation: false,
  capitalPositions: false,
  partiesHousingNeeds: false,
  justificationDeparture: false,
  partiesPensionProvision: false,
  childrensHousingNeeds: false,
  netEffectOrder: false,
  Other: false,
  informationNeeded: '',
  orderNotAppearOfS25ca1973: false,
  d81: false,
  pensionAnnex: false,
  applicantTakenAdvice: false,
  respondentTakenAdvice: false,
  Other2: false,
  Reason: '',
  Directions: 'Direction text',
  includeAnnotatedVersionDraftConsOrder: 'yes',
  visitedPages: { create: true, 'reject-reasons': true } }
[2018-12-10T16:47:59.342] [INFO] State - Finished proccessing
[2018-12-10T16:47:59.342] [INFO] State - Finishing with success
[2018-12-10T16:48:00.773] [INFO] State - { approveDraftConsent: 'no',
  notesForAdmin: 'No optional notes',
  partiesNeedAttend: false,
  NotEnoughInformation: false,
  capitalPositions: false,
  partiesHousingNeeds: false,
  justificationDeparture: false,
  partiesPensionProvision: false,
  childrensHousingNeeds: false,
  netEffectOrder: false,
  Other: false,
  informationNeeded: '',
  orderNotAppearOfS25ca1973: false,
  d81: false,
  pensionAnnex: false,
  applicantTakenAdvice: false,
  respondentTakenAdvice: false,
  Other2: false,
  Reason: '',
  Directions: 'Direction text',
  includeAnnotatedVersionDraftConsOrder: 'yes',
  visitedPages: { create: true, 'reject-reasons': true } }
[2018-12-10T16:48:00.773] [INFO] State - Finished proccessing
[2018-12-10T16:48:00.773] [INFO] State - Finishing with success
[2018-12-10T16:48:11.569] [INFO] State - { approveDraftConsent: 'no',
  notesForAdmin: 'No optional notes',
  partiesNeedAttend: false,
  NotEnoughInformation: false,
  capitalPositions: false,
  partiesHousingNeeds: false,
  justificationDeparture: false,
  partiesPensionProvision: false,
  childrensHousingNeeds: false,
  netEffectOrder: false,
  Other: false,
  informationNeeded: '',
  orderNotAppearOfS25ca1973: false,
  d81: false,
  pensionAnnex: false,
  applicantTakenAdvice: false,
  respondentTakenAdvice: false,
  Other2: false,
  Reason: '',
  Directions: 'Direction text',
  includeAnnotatedVersionDraftConsOrder: 'yes',
  visitedPages: { create: true, 'reject-reasons': true } }
[2018-12-10T16:48:11.569] [INFO] State - Finished proccessing
[2018-12-10T16:48:11.570] [INFO] State - Finishing with success
[2018-12-10T16:48:14.116] [INFO] State - { approveDraftConsent: 'yes',
  notesForAdmin: 'No optional notes',
  partiesNeedAttend: false,
  NotEnoughInformation: false,
  capitalPositions: false,
  partiesHousingNeeds: false,
  justificationDeparture: false,
  partiesPensionProvision: false,
  childrensHousingNeeds: false,
  netEffectOrder: false,
  Other: false,
  informationNeeded: '',
  orderNotAppearOfS25ca1973: false,
  d81: false,
  pensionAnnex: false,
  applicantTakenAdvice: false,
  respondentTakenAdvice: false,
  Other2: false,
  Reason: '',
  Directions: 'Direction text',
  includeAnnotatedVersionDraftConsOrder: 'yes',
  visitedPages: { create: true } }
[2018-12-10T16:48:14.116] [INFO] State - Finished proccessing
[2018-12-10T16:48:14.117] [INFO] State - Finishing with success
[2018-12-10T16:48:14.468] [INFO] State - { approveDraftConsent: 'yes',
  notesForAdmin: 'No optional notes',
  partiesNeedAttend: false,
  NotEnoughInformation: false,
  capitalPositions: false,
  partiesHousingNeeds: false,
  justificationDeparture: false,
  partiesPensionProvision: false,
  childrensHousingNeeds: false,
  netEffectOrder: false,
  Other: false,
  informationNeeded: '',
  orderNotAppearOfS25ca1973: false,
  d81: false,
  pensionAnnex: false,
  applicantTakenAdvice: false,
  respondentTakenAdvice: false,
  Other2: false,
  Reason: '',
  Directions: 'Direction text',
  includeAnnotatedVersionDraftConsOrder: 'yes',
  visitedPages: { create: true } }
[2018-12-10T16:48:14.469] [INFO] State - Finished proccessing
[2018-12-10T16:48:14.469] [INFO] State - Finishing with success
[2018-12-10T16:48:16.301] [INFO] State - { approveDraftConsent: 'yes',
  notesForAdmin: 'No optional notes',
  partiesNeedAttend: false,
  NotEnoughInformation: false,
  capitalPositions: false,
  partiesHousingNeeds: false,
  justificationDeparture: false,
  partiesPensionProvision: false,
  childrensHousingNeeds: false,
  netEffectOrder: false,
  Other: false,
  informationNeeded: '',
  orderNotAppearOfS25ca1973: false,
  d81: false,
  pensionAnnex: false,
  applicantTakenAdvice: false,
  respondentTakenAdvice: false,
  Other2: false,
  Reason: '',
  Directions: 'Direction text',
  includeAnnotatedVersionDraftConsOrder: 'yes',
  visitedPages: { create: true } }
[2018-12-10T16:48:16.302] [INFO] State - Finished proccessing
[2018-12-10T16:48:16.302] [INFO] State - Finishing with success
[2018-12-10T17:05:25.539] [INFO] State - { approveDraftConsent: 'yes',
  notesForAdmin: 'No optional notes',
  partiesNeedAttend: false,
  NotEnoughInformation: false,
  capitalPositions: false,
  partiesHousingNeeds: false,
  justificationDeparture: false,
  partiesPensionProvision: false,
  childrensHousingNeeds: false,
  netEffectOrder: false,
  Other: false,
  informationNeeded: '',
  orderNotAppearOfS25ca1973: false,
  d81: false,
  pensionAnnex: false,
  applicantTakenAdvice: false,
  respondentTakenAdvice: false,
  Other2: false,
  Reason: '',
  Directions: 'Direction text',
  includeAnnotatedVersionDraftConsOrder: 'yes',
  visitedPages: { create: true } }
[2018-12-10T17:05:25.539] [INFO] State - Finished proccessing
[2018-12-10T17:05:25.539] [INFO] State - Finishing with success
[2018-12-10T17:05:25.780] [INFO] State - { approveDraftConsent: 'yes',
  notesForAdmin: 'No optional notes',
  partiesNeedAttend: false,
  NotEnoughInformation: false,
  capitalPositions: false,
  partiesHousingNeeds: false,
  justificationDeparture: false,
  partiesPensionProvision: false,
  childrensHousingNeeds: false,
  netEffectOrder: false,
  Other: false,
  informationNeeded: '',
  orderNotAppearOfS25ca1973: false,
  d81: false,
  pensionAnnex: false,
  applicantTakenAdvice: false,
  respondentTakenAdvice: false,
  Other2: false,
  Reason: '',
  Directions: 'Direction text',
  includeAnnotatedVersionDraftConsOrder: 'yes',
  visitedPages: { create: true } }
[2018-12-10T17:05:25.780] [INFO] State - Finished proccessing
[2018-12-10T17:05:25.780] [INFO] State - Finishing with success
[2018-12-10T17:05:28.314] [INFO] State - { approveDraftConsent: 'yes',
  notesForAdmin: 'No optional notes',
  partiesNeedAttend: false,
  NotEnoughInformation: false,
  capitalPositions: false,
  partiesHousingNeeds: false,
  justificationDeparture: false,
  partiesPensionProvision: false,
  childrensHousingNeeds: false,
  netEffectOrder: false,
  Other: false,
  informationNeeded: '',
  orderNotAppearOfS25ca1973: false,
  d81: false,
  pensionAnnex: false,
  applicantTakenAdvice: false,
  respondentTakenAdvice: false,
  Other2: false,
  Reason: '',
  Directions: 'Direction text',
  includeAnnotatedVersionDraftConsOrder: 'yes',
  visitedPages: { create: true, 'notes-for-court-administrator': true } }
[2018-12-10T17:05:28.315] [INFO] State - Finished proccessing
[2018-12-10T17:05:28.315] [INFO] State - Finishing with success
[2018-12-10T17:05:28.676] [INFO] State - { approveDraftConsent: 'yes',
  notesForAdmin: 'No optional notes',
  partiesNeedAttend: false,
  NotEnoughInformation: false,
  capitalPositions: false,
  partiesHousingNeeds: false,
  justificationDeparture: false,
  partiesPensionProvision: false,
  childrensHousingNeeds: false,
  netEffectOrder: false,
  Other: false,
  informationNeeded: '',
  orderNotAppearOfS25ca1973: false,
  d81: false,
  pensionAnnex: false,
  applicantTakenAdvice: false,
  respondentTakenAdvice: false,
  Other2: false,
  Reason: '',
  Directions: 'Direction text',
  includeAnnotatedVersionDraftConsOrder: 'yes',
  visitedPages: { create: true, 'notes-for-court-administrator': true } }
[2018-12-10T17:05:28.676] [INFO] State - Finished proccessing
[2018-12-10T17:05:28.677] [INFO] State - Finishing with success
[2018-12-10T17:05:30.629] [INFO] State - { approveDraftConsent: 'yes',
  notesForAdmin: 'No optional notes',
  partiesNeedAttend: false,
  NotEnoughInformation: false,
  capitalPositions: false,
  partiesHousingNeeds: false,
  justificationDeparture: false,
  partiesPensionProvision: false,
  childrensHousingNeeds: false,
  netEffectOrder: false,
  Other: false,
  informationNeeded: '',
  orderNotAppearOfS25ca1973: false,
  d81: false,
  pensionAnnex: false,
  applicantTakenAdvice: false,
  respondentTakenAdvice: false,
  Other2: false,
  Reason: '',
  Directions: 'Direction text',
  includeAnnotatedVersionDraftConsOrder: 'yes',
  visitedPages: { create: true, 'notes-for-court-administrator': true } }
[2018-12-10T17:05:30.629] [INFO] State - Finished proccessing
[2018-12-10T17:05:30.629] [INFO] State - Finishing with success
[2018-12-10T17:05:31.381] [INFO] State - { approveDraftConsent: 'yes',
  notesForAdmin: 'No optional notes',
  partiesNeedAttend: false,
  NotEnoughInformation: false,
  capitalPositions: false,
  partiesHousingNeeds: false,
  justificationDeparture: false,
  partiesPensionProvision: false,
  childrensHousingNeeds: false,
  netEffectOrder: false,
  Other: false,
  informationNeeded: '',
  orderNotAppearOfS25ca1973: false,
  d81: false,
  pensionAnnex: false,
  applicantTakenAdvice: false,
  respondentTakenAdvice: false,
  Other2: false,
  Reason: '',
  Directions: 'Direction text',
  includeAnnotatedVersionDraftConsOrder: 'yes',
  visitedPages: { create: true, 'notes-for-court-administrator': true } }
[2018-12-10T17:05:31.381] [INFO] State - Finished proccessing
[2018-12-10T17:05:31.381] [INFO] State - Finishing with success
[2018-12-11T11:44:23.171] [INFO] Auth - clear cookie - user logout
[2018-12-11T12:16:18.278] [INFO] Auth - clear cookie - user logout
[2018-12-11T12:27:53.095] [INFO] State - {}
[2018-12-11T12:27:53.095] [INFO] State - Finished proccessing
[2018-12-11T12:27:53.095] [INFO] State - Finishing with success
[2018-12-11T14:43:39.713] [INFO] Auth - clear cookie - user logout
